#
# There is insufficient memory for the Java Runtime Environment to continue.
# Native memory allocation (mmap) failed to map 65536 bytes. Error detail: Failed to commit metaspace.
# Possible reasons:
#   The system is out of physical RAM or swap space
#   This process is running with CompressedOops enabled, and the Java Heap may be blocking the growth of the native heap
# Possible solutions:
#   Reduce memory load on the system
#   Increase physical memory or swap space
#   Check if swap backing store is full
#   Decrease Java heap size (-Xmx/-Xms)
#   Decrease number of Java threads
#   Decrease Java thread stack sizes (-Xss)
#   Set larger code cache with -XX:ReservedCodeCacheSize=
#   JVM is running with Zero Based Compressed Oops mode in which the Java heap is
#     placed in the first 32GB address space. The Java Heap base address is the
#     maximum limit for the native heap growth. Please use -XX:HeapBaseMinAddress
#     to set the Java Heap base and to place the Java Heap above 32GB virtual address.
# This output file may be truncated or incomplete.
#
#  Out of Memory Error (virtualSpaceNode.cpp:110), pid=7336, tid=19348
#
# JRE version: OpenJDK Runtime Environment Temurin-17.0.17+10 (17.0.17+10) (build 17.0.17+10)
# Java VM: OpenJDK 64-Bit Server VM Temurin-17.0.17+10 (17.0.17+10, mixed mode, sharing, tiered, compressed oops, compressed class ptrs, g1 gc, windows-amd64)
# No core dump will be written. Minidumps are not enabled by default on client versions of Windows
#

---------------  S U M M A R Y ------------

Command Line: --enable-native-access=ALL-UNNAMED -Dclassworlds.conf=C:\apache-maven-3.9.12\bin\m2.conf -Dmaven.home=C:\apache-maven-3.9.12 -Dlibrary.jansi.path=C:\apache-maven-3.9.12\lib\jansi-native -Dmaven.multiModuleProjectDirectory=D:\projectapp\research-platform org.codehaus.plexus.classworlds.launcher.Launcher clean compile -pl research-common,research-gateway -am -DskipTests

Host: 12th Gen Intel(R) Core(TM) i5-1240P, 16 cores, 15G,  Windows 11 , 64 bit Build 22621 (10.0.22621.5415)
Time: Sat Jan 31 18:31:35 2026  Windows 11 , 64 bit Build 22621 (10.0.22621.5415) elapsed time: 0.091449 seconds (0d 0h 0m 0s)

---------------  T H R E A D  ---------------

Current thread (0x0000024ac257c5a0):  JavaThread "main" [_thread_in_vm, id=19348, stack(0x000000ad6a600000,0x000000ad6a700000)]

Stack: [0x000000ad6a600000,0x000000ad6a700000]
Native frames: (J=compiled Java code, j=interpreted, Vv=VM code, C=native code)
V  [jvm.dll+0x683fb9]
V  [jvm.dll+0x83a1b5]
V  [jvm.dll+0x83bc2e]
V  [jvm.dll+0x83c2b3]
V  [jvm.dll+0x248eff]
V  [jvm.dll+0x835f9d]
V  [jvm.dll+0x628abd]
V  [jvm.dll+0x628b2a]
V  [jvm.dll+0x62b363]
V  [jvm.dll+0x629476]
V  [jvm.dll+0x63a5dd]
V  [jvm.dll+0x633624]
V  [jvm.dll+0x3850c1]
C  0x0000024ad154c7a7

The last pc belongs to method entry point (kind = zerolocals) (printed below).
Java frames: (J=compiled Java code, j=interpreted, Vv=VM code)
j  sun.nio.fs.NativeBuffer$Deallocator.run()V+0 java.base@17.0.17
j  jdk.internal.ref.CleanerImpl$PhantomCleanableRef.performCleanup()V+4 java.base@17.0.17
j  jdk.internal.ref.PhantomCleanable.clean()V+12 java.base@17.0.17
j  sun.nio.fs.NativeBuffer.free()V+4 java.base@17.0.17
j  sun.nio.fs.NativeBuffers$1.threadTerminated([Lsun/nio/fs/NativeBuffer;)V+20 java.base@17.0.17
j  sun.nio.fs.NativeBuffers$1.threadTerminated(Ljava/lang/Object;)V+5 java.base@17.0.17
j  jdk.internal.misc.TerminatingThreadLocal._threadTerminated()V+5 java.base@17.0.17
j  jdk.internal.misc.TerminatingThreadLocal.threadTerminated()V+35 java.base@17.0.17
j  java.lang.Thread.exit()V+16 java.base@17.0.17
v  ~StubRoutines::call_stub
method entry point (kind = zerolocals)  [0x0000024ad154c5c0, 0x0000024ad154c980]  960 bytes
[MachCode]
  0x0000024ad154c5c0: 488b 5308 | 0fb7 4a2c | 0fb7 522a | 2bd1 81fa | f501 0000 | 0f86 2500 | 0000 488b | c248 c1e0 
  0x0000024ad154c5e0: 0348 83c0 | 5849 0387 | b803 0000 | 483b e00f | 870a 0000 | 0058 498b | e550 e981 | c2ff ff58 
  0x0000024ad154c600: 4c8d 74cc | f885 d20f | 8e09 0000 | 0068 0000 | 0000 ffca | 7ff7 5055 | 488b ec41 | 5568 0000 
  0x0000024ad154c620: 0000 4c8b | 6b08 4d8d | 6d30 5348 | 8b53 0848 | 8b52 0848 | 8b52 1848 | 8b52 7048 | 8b12 5248 
  0x0000024ad154c640: 8b53 1048 | 85d2 0f84 | 0700 0000 | 4881 c208 | 0100 0052 | 488b 5308 | 488b 5208 | 488b 5210 
  0x0000024ad154c660: 5241 5641 | 5568 0000 | 0000 4889 | 2424 41c6 | 8771 0300 | 0001 488b | 45d8 4885 | c00f 84a3 
  0x0000024ad154c680: 0000 008b | 48fc 85c9 | 0f88 9800 | 0000 4803 | c148 8b48 | 0848 83e9 | 0248 8b54 | c810 48f7 
  0x0000024ad154c6a0: da49 8b14 | d648 85d2 | 7514 48f7 | 44c8 1801 | 0000 0075 | 67f0 4883 | 4cc8 1801 | eb5e 8b52 
  0x0000024ad154c6c0: 0849 ba00 | 0000 e64a | 0200 0049 | 03d2 4c8b | d248 3354 | c818 48f7 | c2fc ffff | ff74 3d48 
  0x0000024ad154c6e0: f7c2 0200 | 0000 7534 | 4881 7cc8 | 1800 0000 | 0074 2448 | 817c c818 | 0100 0000 | 7419 498b 
  0x0000024ad154c700: d248 3354 | c818 48f7 | c2fc ffff | ff74 0d48 | 834c c818 | 02eb 0548 | 8954 c818 | 4883 e902 
  0x0000024ad154c720: 0f89 73ff | ffff 488b | 4310 4885 | c074 208b | 88cc 0000 | 0083 c102 | 8988 cc00 | 0000 2388 
  0x0000024ad154c740: e000 0000 | 0f84 7801 | 0000 e9d1 | 0000 0048 | 8b43 1848 | 85c0 0f85 | b200 0000 | e805 0000 
  0x0000024ad154c760: 00e9 9b00 | 0000 488b | d348 8d44 | 2408 4c89 | 6dc0 498b | cfc5 f877 | 4989 afa8 | 0200 0049 
  0x0000024ad154c780: 8987 9802 | 0000 4883 | ec20 f7c4 | 0f00 0000 | 0f84 1a00 | 0000 4883 | ec08 49ba | a050 4cd3 
  0x0000024ad154c7a0: fc7f 0000 | 41ff d248 | 83c4 08e9 | 0d00 0000 | 49ba a050 | 4cd3 fc7f | 0000 41ff | d248 83c4 
  0x0000024ad154c7c0: 2049 c787 | 9802 0000 | 0000 0000 | 49c7 87a8 | 0200 0000 | 0000 0049 | c787 a002 | 0000 0000 
  0x0000024ad154c7e0: 0000 c5f8 | 7749 817f | 0800 0000 | 000f 8405 | 0000 00e9 | 0847 ffff | 4c8b 6dc0 | 4c8b 75c8 
  0x0000024ad154c800: c348 8b43 | 1848 85c0 | 0f84 1200 | 0000 8b48 | 0883 c102 | 8948 0823 | 4820 0f84 | a200 0000 
  0x0000024ad154c820: 8984 2400 | f0ff ff89 | 8424 00e0 | ffff 8984 | 2400 d0ff | ff89 8424 | 00c0 ffff | 8984 2400 
  0x0000024ad154c840: b0ff ff89 | 8424 00a0 | ffff 8984 | 2400 90ff | ff41 c687 | 7103 0000 | 0049 bad5 | c6cc d3fc 
  0x0000024ad154c860: 7f00 0041 | 803a 000f | 8442 0000 | 0048 8b55 | e849 8bcf | 4883 ec20 | f7c4 0f00 | 0000 0f84 
  0x0000024ad154c880: 1a00 0000 | 4883 ec08 | 49ba 1099 | 82d3 fc7f | 0000 41ff | d248 83c4 | 08e9 0d00 | 0000 49ba 
  0x0000024ad154c8a0: 1099 82d3 | fc7f 0000 | 41ff d248 | 83c4 2041 | 0fb6 5d00 | 49ba 603f | cfd3 fc7f | 0000 41ff 
  0x0000024ad154c8c0: 24da ba00 | 0000 00e8 | 0500 0000 | e998 0000 | 0048 8d44 | 2408 4c89 | 6dc0 498b | cfc5 f877 
  0x0000024ad154c8e0: 4989 afa8 | 0200 0049 | 8987 9802 | 0000 4883 | ec20 f7c4 | 0f00 0000 | 0f84 1a00 | 0000 4883 
  0x0000024ad154c900: ec08 49ba | c05b 4cd3 | fc7f 0000 | 41ff d248 | 83c4 08e9 | 0d00 0000 | 49ba c05b | 4cd3 fc7f 
  0x0000024ad154c920: 0000 41ff | d248 83c4 | 2049 c787 | 9802 0000 | 0000 0000 | 49c7 87a8 | 0200 0000 | 0000 0049 
  0x0000024ad154c940: c787 a002 | 0000 0000 | 0000 c5f8 | 7749 817f | 0800 0000 | 000f 8405 | 0000 00e9 | a045 ffff 
  0x0000024ad154c960: 4c8b 6dc0 | 4c8b 75c8 | c348 8b5d | e8e9 aefe | ffff 660f | 1f44 0000 | 0000 0000 | 0000 0000 
[/MachCode]

---------------  P R O C E S S  ---------------

Threads class SMR info:
_java_thread_list=0x0000024b271c26d0, length=14, elements={
0x0000024ac257c5a0, 0x0000024ae5cdab30, 0x0000024ae5cdb9b0, 0x0000024ae5cf5230,
0x0000024ae5cf8c20, 0x0000024ae5cfb5f0, 0x0000024ae5cfbfb0, 0x0000024ae5cfd160,
0x0000024ae5d0d070, 0x0000024ae5d0de80, 0x0000024b2718da50, 0x0000024b27192440,
0x0000024b271c13d0, 0x0000024b271c4b80
}

Java Threads: ( => current thread )
=>0x0000024ac257c5a0 JavaThread "main" [_thread_in_vm, id=19348, stack(0x000000ad6a600000,0x000000ad6a700000)]
  0x0000024ae5cdab30 JavaThread "Reference Handler" daemon [_thread_blocked, id=22288, stack(0x000000ad6ad00000,0x000000ad6ae00000)]
  0x0000024ae5cdb9b0 JavaThread "Finalizer" daemon [_thread_blocked, id=36472, stack(0x000000ad6ae00000,0x000000ad6af00000)]
  0x0000024ae5cf5230 JavaThread "Signal Dispatcher" daemon [_thread_blocked, id=24872, stack(0x000000ad6af00000,0x000000ad6b000000)]
  0x0000024ae5cf8c20 JavaThread "Attach Listener" daemon [_thread_blocked, id=9364, stack(0x000000ad6b000000,0x000000ad6b100000)]
  0x0000024ae5cfb5f0 JavaThread "Service Thread" daemon [_thread_blocked, id=4908, stack(0x000000ad6b100000,0x000000ad6b200000)]
  0x0000024ae5cfbfb0 JavaThread "Monitor Deflation Thread" daemon [_thread_blocked, id=32012, stack(0x000000ad6b200000,0x000000ad6b300000)]
  0x0000024ae5cfd160 JavaThread "C2 CompilerThread0" daemon [_thread_blocked, id=21524, stack(0x000000ad6b300000,0x000000ad6b400000)]
  0x0000024ae5d0d070 JavaThread "C1 CompilerThread0" daemon [_thread_blocked, id=24384, stack(0x000000ad6b400000,0x000000ad6b500000)]
  0x0000024ae5d0de80 JavaThread "Sweeper thread" daemon [_thread_blocked, id=16316, stack(0x000000ad6b500000,0x000000ad6b600000)]
  0x0000024b2718da50 JavaThread "C1 CompilerThread1" daemon [_thread_blocked, id=9840, stack(0x000000ad6b600000,0x000000ad6b700000)]
  0x0000024b27192440 JavaThread "C1 CompilerThread2" daemon [_thread_blocked, id=6428, stack(0x000000ad6b700000,0x000000ad6b800000)]
  0x0000024b271c13d0 JavaThread "Notification Thread" daemon [_thread_blocked, id=21116, stack(0x000000ad6b800000,0x000000ad6b900000)]
  0x0000024b271c4b80 JavaThread "Common-Cleaner" daemon [_thread_blocked, id=436, stack(0x000000ad6ba00000,0x000000ad6bb00000)]

Other Threads:
  0x0000024ae5cd4000 VMThread "VM Thread" [stack: 0x000000ad6ac00000,0x000000ad6ad00000] [id=11228]
  0x0000024b271c1cc0 WatcherThread [stack: 0x000000ad6b900000,0x000000ad6ba00000] [id=3508]
  0x0000024ac25e9140 GCTaskThread "GC Thread#0" [stack: 0x000000ad6a700000,0x000000ad6a800000] [id=16152]
  0x0000024ac25f9b60 ConcurrentGCThread "G1 Main Marker" [stack: 0x000000ad6a800000,0x000000ad6a900000] [id=23376]
  0x0000024ac25fa580 ConcurrentGCThread "G1 Conc#0" [stack: 0x000000ad6a900000,0x000000ad6aa00000] [id=5160]
  0x0000024ae5c116d0 ConcurrentGCThread "G1 Refine#0" [stack: 0x000000ad6aa00000,0x000000ad6ab00000] [id=27516]
  0x0000024ae5c12010 ConcurrentGCThread "G1 Service" [stack: 0x000000ad6ab00000,0x000000ad6ac00000] [id=9688]

Threads with active compile tasks:

VM state: not at safepoint (normal execution)

VM Mutex/Monitor currently owned by a thread:  ([mutex/lock_event])
[0x0000024ac03ba430] Metaspace_lock - owner thread: 0x0000024ac257c5a0

OutOfMemory and StackOverflow Exception counts:
OutOfMemoryError java_heap_errors=1
LinkageErrors=1

Heap address: 0x0000000705200000, size: 4014 MB, Compressed Oops mode: Zero based, Oop shift amount: 3

CDS archive(s) mapped at: [0x0000024ae6000000-0x0000024ae6bb0000-0x0000024ae6bb0000), size 12255232, SharedBaseAddress: 0x0000024ae6000000, ArchiveRelocationMode: 1.
Compressed class space mapped at: 0x0000024ae7000000-0x0000024b27000000, reserved size: 1073741824
Narrow klass base: 0x0000024ae6000000, Narrow klass shift: 0, Narrow klass range: 0x100000000

GC Precious Log:
 CPUs: 16 total, 16 available
 Memory: 16052M
 Large Page Support: Disabled
 NUMA Support: Disabled
 Compressed Oops: Enabled (Zero based)
 Heap Region Size: 2M
 Heap Min Capacity: 8M
 Heap Initial Capacity: 252M
 Heap Max Capacity: 4014M
 Pre-touch: Disabled
 Parallel Workers: 13
 Concurrent Workers: 3
 Concurrent Refinement Workers: 13
 Periodic GC: Disabled

Heap:
 garbage-first heap   total 258048K, used 4096K [0x0000000705200000, 0x0000000800000000)
  region size 2048K, 3 young (6144K), 0 survivors (0K)
 Metaspace       used 771K, committed 896K, reserved 1114112K
  class space    used 62K, committed 128K, reserved 1048576K

Heap Regions: E=young(eden), S=young(survivor), O=old, HS=humongous(starts), HC=humongous(continues), CS=collection set, F=free, OA=open archive, CA=closed archive, TAMS=top-at-mark-start (previous, next)
|   0|0x0000000705200000, 0x0000000705200000, 0x0000000705400000|  0%| F|  |TAMS 0x0000000705200000, 0x0000000705200000| Untracked 
|   1|0x0000000705400000, 0x0000000705400000, 0x0000000705600000|  0%| F|  |TAMS 0x0000000705400000, 0x0000000705400000| Untracked 
|   2|0x0000000705600000, 0x0000000705600000, 0x0000000705800000|  0%| F|  |TAMS 0x0000000705600000, 0x0000000705600000| Untracked 
|   3|0x0000000705800000, 0x0000000705800000, 0x0000000705a00000|  0%| F|  |TAMS 0x0000000705800000, 0x0000000705800000| Untracked 
|   4|0x0000000705a00000, 0x0000000705a00000, 0x0000000705c00000|  0%| F|  |TAMS 0x0000000705a00000, 0x0000000705a00000| Untracked 
|   5|0x0000000705c00000, 0x0000000705c00000, 0x0000000705e00000|  0%| F|  |TAMS 0x0000000705c00000, 0x0000000705c00000| Untracked 
|   6|0x0000000705e00000, 0x0000000705e00000, 0x0000000706000000|  0%| F|  |TAMS 0x0000000705e00000, 0x0000000705e00000| Untracked 
|   7|0x0000000706000000, 0x0000000706000000, 0x0000000706200000|  0%| F|  |TAMS 0x0000000706000000, 0x0000000706000000| Untracked 
|   8|0x0000000706200000, 0x0000000706200000, 0x0000000706400000|  0%| F|  |TAMS 0x0000000706200000, 0x0000000706200000| Untracked 
|   9|0x0000000706400000, 0x0000000706400000, 0x0000000706600000|  0%| F|  |TAMS 0x0000000706400000, 0x0000000706400000| Untracked 
|  10|0x0000000706600000, 0x0000000706600000, 0x0000000706800000|  0%| F|  |TAMS 0x0000000706600000, 0x0000000706600000| Untracked 
|  11|0x0000000706800000, 0x0000000706800000, 0x0000000706a00000|  0%| F|  |TAMS 0x0000000706800000, 0x0000000706800000| Untracked 
|  12|0x0000000706a00000, 0x0000000706a00000, 0x0000000706c00000|  0%| F|  |TAMS 0x0000000706a00000, 0x0000000706a00000| Untracked 
|  13|0x0000000706c00000, 0x0000000706c00000, 0x0000000706e00000|  0%| F|  |TAMS 0x0000000706c00000, 0x0000000706c00000| Untracked 
|  14|0x0000000706e00000, 0x0000000706e00000, 0x0000000707000000|  0%| F|  |TAMS 0x0000000706e00000, 0x0000000706e00000| Untracked 
|  15|0x0000000707000000, 0x0000000707000000, 0x0000000707200000|  0%| F|  |TAMS 0x0000000707000000, 0x0000000707000000| Untracked 
|  16|0x0000000707200000, 0x0000000707200000, 0x0000000707400000|  0%| F|  |TAMS 0x0000000707200000, 0x0000000707200000| Untracked 
|  17|0x0000000707400000, 0x0000000707400000, 0x0000000707600000|  0%| F|  |TAMS 0x0000000707400000, 0x0000000707400000| Untracked 
|  18|0x0000000707600000, 0x0000000707600000, 0x0000000707800000|  0%| F|  |TAMS 0x0000000707600000, 0x0000000707600000| Untracked 
|  19|0x0000000707800000, 0x0000000707800000, 0x0000000707a00000|  0%| F|  |TAMS 0x0000000707800000, 0x0000000707800000| Untracked 
|  20|0x0000000707a00000, 0x0000000707a00000, 0x0000000707c00000|  0%| F|  |TAMS 0x0000000707a00000, 0x0000000707a00000| Untracked 
|  21|0x0000000707c00000, 0x0000000707c00000, 0x0000000707e00000|  0%| F|  |TAMS 0x0000000707c00000, 0x0000000707c00000| Untracked 
|  22|0x0000000707e00000, 0x0000000707e00000, 0x0000000708000000|  0%| F|  |TAMS 0x0000000707e00000, 0x0000000707e00000| Untracked 
|  23|0x0000000708000000, 0x0000000708000000, 0x0000000708200000|  0%| F|  |TAMS 0x0000000708000000, 0x0000000708000000| Untracked 
|  24|0x0000000708200000, 0x0000000708200000, 0x0000000708400000|  0%| F|  |TAMS 0x0000000708200000, 0x0000000708200000| Untracked 
|  25|0x0000000708400000, 0x0000000708400000, 0x0000000708600000|  0%| F|  |TAMS 0x0000000708400000, 0x0000000708400000| Untracked 
|  26|0x0000000708600000, 0x0000000708600000, 0x0000000708800000|  0%| F|  |TAMS 0x0000000708600000, 0x0000000708600000| Untracked 
|  27|0x0000000708800000, 0x0000000708800000, 0x0000000708a00000|  0%| F|  |TAMS 0x0000000708800000, 0x0000000708800000| Untracked 
|  28|0x0000000708a00000, 0x0000000708a00000, 0x0000000708c00000|  0%| F|  |TAMS 0x0000000708a00000, 0x0000000708a00000| Untracked 
|  29|0x0000000708c00000, 0x0000000708c00000, 0x0000000708e00000|  0%| F|  |TAMS 0x0000000708c00000, 0x0000000708c00000| Untracked 
|  30|0x0000000708e00000, 0x0000000708e00000, 0x0000000709000000|  0%| F|  |TAMS 0x0000000708e00000, 0x0000000708e00000| Untracked 
|  31|0x0000000709000000, 0x0000000709000000, 0x0000000709200000|  0%| F|  |TAMS 0x0000000709000000, 0x0000000709000000| Untracked 
|  32|0x0000000709200000, 0x0000000709200000, 0x0000000709400000|  0%| F|  |TAMS 0x0000000709200000, 0x0000000709200000| Untracked 
|  33|0x0000000709400000, 0x0000000709400000, 0x0000000709600000|  0%| F|  |TAMS 0x0000000709400000, 0x0000000709400000| Untracked 
|  34|0x0000000709600000, 0x0000000709600000, 0x0000000709800000|  0%| F|  |TAMS 0x0000000709600000, 0x0000000709600000| Untracked 
|  35|0x0000000709800000, 0x0000000709800000, 0x0000000709a00000|  0%| F|  |TAMS 0x0000000709800000, 0x0000000709800000| Untracked 
|  36|0x0000000709a00000, 0x0000000709a00000, 0x0000000709c00000|  0%| F|  |TAMS 0x0000000709a00000, 0x0000000709a00000| Untracked 
|  37|0x0000000709c00000, 0x0000000709c00000, 0x0000000709e00000|  0%| F|  |TAMS 0x0000000709c00000, 0x0000000709c00000| Untracked 
|  38|0x0000000709e00000, 0x0000000709e00000, 0x000000070a000000|  0%| F|  |TAMS 0x0000000709e00000, 0x0000000709e00000| Untracked 
|  39|0x000000070a000000, 0x000000070a000000, 0x000000070a200000|  0%| F|  |TAMS 0x000000070a000000, 0x000000070a000000| Untracked 
|  40|0x000000070a200000, 0x000000070a200000, 0x000000070a400000|  0%| F|  |TAMS 0x000000070a200000, 0x000000070a200000| Untracked 
|  41|0x000000070a400000, 0x000000070a400000, 0x000000070a600000|  0%| F|  |TAMS 0x000000070a400000, 0x000000070a400000| Untracked 
|  42|0x000000070a600000, 0x000000070a600000, 0x000000070a800000|  0%| F|  |TAMS 0x000000070a600000, 0x000000070a600000| Untracked 
|  43|0x000000070a800000, 0x000000070a800000, 0x000000070aa00000|  0%| F|  |TAMS 0x000000070a800000, 0x000000070a800000| Untracked 
|  44|0x000000070aa00000, 0x000000070aa00000, 0x000000070ac00000|  0%| F|  |TAMS 0x000000070aa00000, 0x000000070aa00000| Untracked 
|  45|0x000000070ac00000, 0x000000070ac00000, 0x000000070ae00000|  0%| F|  |TAMS 0x000000070ac00000, 0x000000070ac00000| Untracked 
|  46|0x000000070ae00000, 0x000000070ae00000, 0x000000070b000000|  0%| F|  |TAMS 0x000000070ae00000, 0x000000070ae00000| Untracked 
|  47|0x000000070b000000, 0x000000070b000000, 0x000000070b200000|  0%| F|  |TAMS 0x000000070b000000, 0x000000070b000000| Untracked 
|  48|0x000000070b200000, 0x000000070b200000, 0x000000070b400000|  0%| F|  |TAMS 0x000000070b200000, 0x000000070b200000| Untracked 
|  49|0x000000070b400000, 0x000000070b400000, 0x000000070b600000|  0%| F|  |TAMS 0x000000070b400000, 0x000000070b400000| Untracked 
|  50|0x000000070b600000, 0x000000070b600000, 0x000000070b800000|  0%| F|  |TAMS 0x000000070b600000, 0x000000070b600000| Untracked 
|  51|0x000000070b800000, 0x000000070b800000, 0x000000070ba00000|  0%| F|  |TAMS 0x000000070b800000, 0x000000070b800000| Untracked 
|  52|0x000000070ba00000, 0x000000070ba00000, 0x000000070bc00000|  0%| F|  |TAMS 0x000000070ba00000, 0x000000070ba00000| Untracked 
|  53|0x000000070bc00000, 0x000000070bc00000, 0x000000070be00000|  0%| F|  |TAMS 0x000000070bc00000, 0x000000070bc00000| Untracked 
|  54|0x000000070be00000, 0x000000070be00000, 0x000000070c000000|  0%| F|  |TAMS 0x000000070be00000, 0x000000070be00000| Untracked 
|  55|0x000000070c000000, 0x000000070c000000, 0x000000070c200000|  0%| F|  |TAMS 0x000000070c000000, 0x000000070c000000| Untracked 
|  56|0x000000070c200000, 0x000000070c200000, 0x000000070c400000|  0%| F|  |TAMS 0x000000070c200000, 0x000000070c200000| Untracked 
|  57|0x000000070c400000, 0x000000070c400000, 0x000000070c600000|  0%| F|  |TAMS 0x000000070c400000, 0x000000070c400000| Untracked 
|  58|0x000000070c600000, 0x000000070c600000, 0x000000070c800000|  0%| F|  |TAMS 0x000000070c600000, 0x000000070c600000| Untracked 
|  59|0x000000070c800000, 0x000000070c800000, 0x000000070ca00000|  0%| F|  |TAMS 0x000000070c800000, 0x000000070c800000| Untracked 
|  60|0x000000070ca00000, 0x000000070ca00000, 0x000000070cc00000|  0%| F|  |TAMS 0x000000070ca00000, 0x000000070ca00000| Untracked 
|  61|0x000000070cc00000, 0x000000070cc00000, 0x000000070ce00000|  0%| F|  |TAMS 0x000000070cc00000, 0x000000070cc00000| Untracked 
|  62|0x000000070ce00000, 0x000000070ce00000, 0x000000070d000000|  0%| F|  |TAMS 0x000000070ce00000, 0x000000070ce00000| Untracked 
|  63|0x000000070d000000, 0x000000070d000000, 0x000000070d200000|  0%| F|  |TAMS 0x000000070d000000, 0x000000070d000000| Untracked 
|  64|0x000000070d200000, 0x000000070d200000, 0x000000070d400000|  0%| F|  |TAMS 0x000000070d200000, 0x000000070d200000| Untracked 
|  65|0x000000070d400000, 0x000000070d400000, 0x000000070d600000|  0%| F|  |TAMS 0x000000070d400000, 0x000000070d400000| Untracked 
|  66|0x000000070d600000, 0x000000070d600000, 0x000000070d800000|  0%| F|  |TAMS 0x000000070d600000, 0x000000070d600000| Untracked 
|  67|0x000000070d800000, 0x000000070d800000, 0x000000070da00000|  0%| F|  |TAMS 0x000000070d800000, 0x000000070d800000| Untracked 
|  68|0x000000070da00000, 0x000000070da00000, 0x000000070dc00000|  0%| F|  |TAMS 0x000000070da00000, 0x000000070da00000| Untracked 
|  69|0x000000070dc00000, 0x000000070dc00000, 0x000000070de00000|  0%| F|  |TAMS 0x000000070dc00000, 0x000000070dc00000| Untracked 
|  70|0x000000070de00000, 0x000000070de00000, 0x000000070e000000|  0%| F|  |TAMS 0x000000070de00000, 0x000000070de00000| Untracked 
|  71|0x000000070e000000, 0x000000070e000000, 0x000000070e200000|  0%| F|  |TAMS 0x000000070e000000, 0x000000070e000000| Untracked 
|  72|0x000000070e200000, 0x000000070e200000, 0x000000070e400000|  0%| F|  |TAMS 0x000000070e200000, 0x000000070e200000| Untracked 
|  73|0x000000070e400000, 0x000000070e400000, 0x000000070e600000|  0%| F|  |TAMS 0x000000070e400000, 0x000000070e400000| Untracked 
|  74|0x000000070e600000, 0x000000070e600000, 0x000000070e800000|  0%| F|  |TAMS 0x000000070e600000, 0x000000070e600000| Untracked 
|  75|0x000000070e800000, 0x000000070e800000, 0x000000070ea00000|  0%| F|  |TAMS 0x000000070e800000, 0x000000070e800000| Untracked 
|  76|0x000000070ea00000, 0x000000070ea00000, 0x000000070ec00000|  0%| F|  |TAMS 0x000000070ea00000, 0x000000070ea00000| Untracked 
|  77|0x000000070ec00000, 0x000000070ec00000, 0x000000070ee00000|  0%| F|  |TAMS 0x000000070ec00000, 0x000000070ec00000| Untracked 
|  78|0x000000070ee00000, 0x000000070ee00000, 0x000000070f000000|  0%| F|  |TAMS 0x000000070ee00000, 0x000000070ee00000| Untracked 
|  79|0x000000070f000000, 0x000000070f000000, 0x000000070f200000|  0%| F|  |TAMS 0x000000070f000000, 0x000000070f000000| Untracked 
|  80|0x000000070f200000, 0x000000070f200000, 0x000000070f400000|  0%| F|  |TAMS 0x000000070f200000, 0x000000070f200000| Untracked 
|  81|0x000000070f400000, 0x000000070f400000, 0x000000070f600000|  0%| F|  |TAMS 0x000000070f400000, 0x000000070f400000| Untracked 
|  82|0x000000070f600000, 0x000000070f600000, 0x000000070f800000|  0%| F|  |TAMS 0x000000070f600000, 0x000000070f600000| Untracked 
|  83|0x000000070f800000, 0x000000070f800000, 0x000000070fa00000|  0%| F|  |TAMS 0x000000070f800000, 0x000000070f800000| Untracked 
|  84|0x000000070fa00000, 0x000000070fa00000, 0x000000070fc00000|  0%| F|  |TAMS 0x000000070fa00000, 0x000000070fa00000| Untracked 
|  85|0x000000070fc00000, 0x000000070fc00000, 0x000000070fe00000|  0%| F|  |TAMS 0x000000070fc00000, 0x000000070fc00000| Untracked 
|  86|0x000000070fe00000, 0x000000070fe00000, 0x0000000710000000|  0%| F|  |TAMS 0x000000070fe00000, 0x000000070fe00000| Untracked 
|  87|0x0000000710000000, 0x0000000710000000, 0x0000000710200000|  0%| F|  |TAMS 0x0000000710000000, 0x0000000710000000| Untracked 
|  88|0x0000000710200000, 0x0000000710200000, 0x0000000710400000|  0%| F|  |TAMS 0x0000000710200000, 0x0000000710200000| Untracked 
|  89|0x0000000710400000, 0x0000000710400000, 0x0000000710600000|  0%| F|  |TAMS 0x0000000710400000, 0x0000000710400000| Untracked 
|  90|0x0000000710600000, 0x0000000710600000, 0x0000000710800000|  0%| F|  |TAMS 0x0000000710600000, 0x0000000710600000| Untracked 
|  91|0x0000000710800000, 0x0000000710800000, 0x0000000710a00000|  0%| F|  |TAMS 0x0000000710800000, 0x0000000710800000| Untracked 
|  92|0x0000000710a00000, 0x0000000710a00000, 0x0000000710c00000|  0%| F|  |TAMS 0x0000000710a00000, 0x0000000710a00000| Untracked 
|  93|0x0000000710c00000, 0x0000000710c00000, 0x0000000710e00000|  0%| F|  |TAMS 0x0000000710c00000, 0x0000000710c00000| Untracked 
|  94|0x0000000710e00000, 0x0000000710e00000, 0x0000000711000000|  0%| F|  |TAMS 0x0000000710e00000, 0x0000000710e00000| Untracked 
|  95|0x0000000711000000, 0x0000000711000000, 0x0000000711200000|  0%| F|  |TAMS 0x0000000711000000, 0x0000000711000000| Untracked 
|  96|0x0000000711200000, 0x0000000711200000, 0x0000000711400000|  0%| F|  |TAMS 0x0000000711200000, 0x0000000711200000| Untracked 
|  97|0x0000000711400000, 0x0000000711400000, 0x0000000711600000|  0%| F|  |TAMS 0x0000000711400000, 0x0000000711400000| Untracked 
|  98|0x0000000711600000, 0x0000000711600000, 0x0000000711800000|  0%| F|  |TAMS 0x0000000711600000, 0x0000000711600000| Untracked 
|  99|0x0000000711800000, 0x0000000711800000, 0x0000000711a00000|  0%| F|  |TAMS 0x0000000711800000, 0x0000000711800000| Untracked 
| 100|0x0000000711a00000, 0x0000000711a00000, 0x0000000711c00000|  0%| F|  |TAMS 0x0000000711a00000, 0x0000000711a00000| Untracked 
| 101|0x0000000711c00000, 0x0000000711c00000, 0x0000000711e00000|  0%| F|  |TAMS 0x0000000711c00000, 0x0000000711c00000| Untracked 
| 102|0x0000000711e00000, 0x0000000711e00000, 0x0000000712000000|  0%| F|  |TAMS 0x0000000711e00000, 0x0000000711e00000| Untracked 
| 103|0x0000000712000000, 0x0000000712000000, 0x0000000712200000|  0%| F|  |TAMS 0x0000000712000000, 0x0000000712000000| Untracked 
| 104|0x0000000712200000, 0x0000000712200000, 0x0000000712400000|  0%| F|  |TAMS 0x0000000712200000, 0x0000000712200000| Untracked 
| 105|0x0000000712400000, 0x0000000712400000, 0x0000000712600000|  0%| F|  |TAMS 0x0000000712400000, 0x0000000712400000| Untracked 
| 106|0x0000000712600000, 0x0000000712600000, 0x0000000712800000|  0%| F|  |TAMS 0x0000000712600000, 0x0000000712600000| Untracked 
| 107|0x0000000712800000, 0x0000000712800000, 0x0000000712a00000|  0%| F|  |TAMS 0x0000000712800000, 0x0000000712800000| Untracked 
| 108|0x0000000712a00000, 0x0000000712a00000, 0x0000000712c00000|  0%| F|  |TAMS 0x0000000712a00000, 0x0000000712a00000| Untracked 
| 109|0x0000000712c00000, 0x0000000712c00000, 0x0000000712e00000|  0%| F|  |TAMS 0x0000000712c00000, 0x0000000712c00000| Untracked 
| 110|0x0000000712e00000, 0x0000000712e00000, 0x0000000713000000|  0%| F|  |TAMS 0x0000000712e00000, 0x0000000712e00000| Untracked 
| 111|0x0000000713000000, 0x0000000713000000, 0x0000000713200000|  0%| F|  |TAMS 0x0000000713000000, 0x0000000713000000| Untracked 
| 112|0x0000000713200000, 0x0000000713200000, 0x0000000713400000|  0%| F|  |TAMS 0x0000000713200000, 0x0000000713200000| Untracked 
| 113|0x0000000713400000, 0x0000000713400000, 0x0000000713600000|  0%| F|  |TAMS 0x0000000713400000, 0x0000000713400000| Untracked 
| 114|0x0000000713600000, 0x0000000713600000, 0x0000000713800000|  0%| F|  |TAMS 0x0000000713600000, 0x0000000713600000| Untracked 
| 115|0x0000000713800000, 0x0000000713800000, 0x0000000713a00000|  0%| F|  |TAMS 0x0000000713800000, 0x0000000713800000| Untracked 
| 116|0x0000000713a00000, 0x0000000713a00000, 0x0000000713c00000|  0%| F|  |TAMS 0x0000000713a00000, 0x0000000713a00000| Untracked 
| 117|0x0000000713c00000, 0x0000000713c00000, 0x0000000713e00000|  0%| F|  |TAMS 0x0000000713c00000, 0x0000000713c00000| Untracked 
| 118|0x0000000713e00000, 0x0000000713e00000, 0x0000000714000000|  0%| F|  |TAMS 0x0000000713e00000, 0x0000000713e00000| Untracked 
| 119|0x0000000714000000, 0x0000000714000000, 0x0000000714200000|  0%| F|  |TAMS 0x0000000714000000, 0x0000000714000000| Untracked 
| 120|0x0000000714200000, 0x0000000714200000, 0x0000000714400000|  0%| F|  |TAMS 0x0000000714200000, 0x0000000714200000| Untracked 
| 121|0x0000000714400000, 0x0000000714400000, 0x0000000714600000|  0%| F|  |TAMS 0x0000000714400000, 0x0000000714400000| Untracked 
| 122|0x0000000714600000, 0x0000000714600000, 0x0000000714800000|  0%| F|  |TAMS 0x0000000714600000, 0x0000000714600000| Untracked 
| 123|0x0000000714800000, 0x0000000714872320, 0x0000000714a00000| 22%| E|  |TAMS 0x0000000714800000, 0x0000000714800000| Complete 
| 124|0x0000000714a00000, 0x0000000714c00000, 0x0000000714c00000|100%| E|CS|TAMS 0x0000000714a00000, 0x0000000714a00000| Complete 
| 125|0x0000000714c00000, 0x0000000714e00000, 0x0000000714e00000|100%| E|CS|TAMS 0x0000000714c00000, 0x0000000714c00000| Complete 

Card table byte_map: [0x0000024ada150000,0x0000024ada930000] _byte_map_base: 0x0000024ad6927000

Marking Bits (Prev, Next): (CMBitMap*) 0x0000024ac25e9760, (CMBitMap*) 0x0000024ac25e97a0
 Prev Bits: [0x0000024adb110000, 0x0000024adefc8000)
 Next Bits: [0x0000024adefd0000, 0x0000024ae2e88000)

Polling page: 0x0000024ac0500000

Metaspace:

Usage:
  Non-class:    709.51 KB used.
      Class:     62.12 KB used.
       Both:    771.63 KB used.

Virtual space:
  Non-class space:       64.00 MB reserved,     768.00 KB (  1%) committed,  1 nodes.
      Class space:        1.00 GB reserved,     128.00 KB ( <1%) committed,  1 nodes.
             Both:        1.06 GB reserved,     896.00 KB ( <1%) committed. 

Chunk freelists:
   Non-Class:  11.92 MB
       Class:  15.73 MB
        Both:  27.65 MB

MaxMetaspaceSize: unlimited
CompressedClassSpaceSize: 1.00 GB
Initial GC threshold: 21.00 MB
Current GC threshold: 21.00 MB
CDS: on
MetaspaceReclaimPolicy: balanced
 - commit_granule_bytes: 65536.
 - commit_granule_words: 8192.
 - virtual_space_node_default_size: 8388608.
 - enlarge_chunks_in_place: 1.
 - new_chunks_are_fully_committed: 0.
 - uncommit_free_chunks: 1.
 - use_allocation_guard: 0.
 - handle_deallocations: 1.


Internal statistics:

num_allocs_failed_limit: 0.
num_arena_births: 10.
num_arena_deaths: 0.
num_vsnodes_births: 2.
num_vsnodes_deaths: 0.
num_space_committed: 14.
num_space_uncommitted: 0.
num_chunks_returned_to_freelist: 0.
num_chunks_taken_from_freelist: 18.
num_chunk_merges: 0.
num_chunk_splits: 11.
num_chunks_enlarged: 9.
num_inconsistent_stats: 0.

CodeHeap 'non-profiled nmethods': size=119168Kb used=60Kb max_used=60Kb free=119107Kb
 bounds [0x0000024ad1c90000, 0x0000024ad1f00000, 0x0000024ad90f0000]
CodeHeap 'profiled nmethods': size=119104Kb used=292Kb max_used=292Kb free=118811Kb
 bounds [0x0000024aca0f0000, 0x0000024aca360000, 0x0000024ad1540000]
CodeHeap 'non-nmethods': size=7488Kb used=2236Kb max_used=2249Kb free=5251Kb
 bounds [0x0000024ad1540000, 0x0000024ad17b0000, 0x0000024ad1c90000]
 total_blobs=604 nmethods=215 adapters=300
 compilation: enabled
              stopped_count=0, restarted_count=0
 full_count=0

Compilation events (20 events):
Event: 0.083 Thread 0x0000024ae5d0d070  205       3       java.util.AbstractMap::<init> (5 bytes)
Event: 0.083 Thread 0x0000024ae5d0d070 nmethod 205 0x0000024aca133290 code [0x0000024aca133440, 0x0000024aca133598]
Event: 0.084 Thread 0x0000024ae5d0d070  207       3       java.lang.ref.Reference::<init> (25 bytes)
Event: 0.084 Thread 0x0000024ae5d0d070 nmethod 207 0x0000024aca133690 code [0x0000024aca133840, 0x0000024aca133ad8]
Event: 0.087 Thread 0x0000024ae5d0d070  208       3       java.lang.StringUTF16::compress (50 bytes)
Event: 0.087 Thread 0x0000024b27192440  209       3       jdk.internal.misc.Unsafe::putReferenceRelease (9 bytes)
Event: 0.087 Thread 0x0000024b2718da50  210       3       java.util.concurrent.ConcurrentHashMap::setTabAt (20 bytes)
Event: 0.087 Thread 0x0000024b27192440 nmethod 209 0x0000024aca133b90 code [0x0000024aca133d20, 0x0000024aca133e98]
Event: 0.087 Thread 0x0000024b2718da50 nmethod 210 0x0000024aca134490 code [0x0000024aca134640, 0x0000024aca134868]
Event: 0.087 Thread 0x0000024ae5d0d070 nmethod 208 0x0000024aca133f10 code [0x0000024aca1340c0, 0x0000024aca1342f8]
Event: 0.088 Thread 0x0000024ae5d0d070  211 %     3       java.util.Properties$LineReader::readLine @ 224 (584 bytes)
Event: 0.089 Thread 0x0000024b27192440  212       3       java.util.Optional::<init> (10 bytes)
Event: 0.089 Thread 0x0000024b27192440 nmethod 212 0x0000024aca134910 code [0x0000024aca134ac0, 0x0000024aca134c78]
Event: 0.090 Thread 0x0000024ae5d0d070 nmethod 211% 0x0000024aca134d10 code [0x0000024aca135100, 0x0000024aca137ff8]
Event: 0.090 Thread 0x0000024b27192440  213       1       java.nio.Buffer::position (5 bytes)
Event: 0.090 Thread 0x0000024b27192440 nmethod 213 0x0000024ad1c9ea90 code [0x0000024ad1c9ec20, 0x0000024ad1c9ecf8]
Event: 0.090 Thread 0x0000024b27192440  214       1       java.nio.Buffer::limit (5 bytes)
Event: 0.090 Thread 0x0000024b27192440 nmethod 214 0x0000024ad1c9ed90 code [0x0000024ad1c9ef20, 0x0000024ad1c9eff8]
Event: 0.090 Thread 0x0000024b27192440  215       3       java.lang.String::toString (2 bytes)
Event: 0.090 Thread 0x0000024b27192440 nmethod 215 0x0000024aca138e90 code [0x0000024aca139020, 0x0000024aca139138]

GC Heap History (0 events):
No events

Dll operation events (5 events):
Event: 0.006 Loaded shared library D:\projectapp\jdk\bin\java.dll
Event: 0.021 Loaded shared library D:\projectapp\jdk\bin\jsvml.dll
Event: 0.046 Loaded shared library D:\projectapp\jdk\bin\net.dll
Event: 0.047 Loaded shared library D:\projectapp\jdk\bin\nio.dll
Event: 0.049 Loaded shared library D:\projectapp\jdk\bin\zip.dll

Deoptimization events (0 events):
No events

Classes loaded (20 events):
Event: 0.086 Loading class java/io/FilePermission$1
Event: 0.086 Loading class jdk/internal/access/JavaIOFilePermissionAccess
Event: 0.086 Loading class jdk/internal/access/JavaIOFilePermissionAccess done
Event: 0.086 Loading class java/io/FilePermission$1 done
Event: 0.088 Loading class java/io/FilePermissionCollection
Event: 0.089 Loading class java/io/FilePermissionCollection done
Event: 0.089 Loading class java/util/Vector
Event: 0.089 Loading class java/util/Vector done
Event: 0.089 Loading class java/io/FilePermissionCollection$1
Event: 0.089 Loading class java/io/FilePermissionCollection$1 done
Event: 0.089 Loading class java/lang/ClassFormatError
Event: 0.089 Loading class java/lang/ClassFormatError done
Event: 0.089 Loading class java/security/PrivilegedActionException
Event: 0.089 Loading class java/security/PrivilegedActionException done
Event: 0.089 Loading class java/lang/Throwable$WrappedPrintStream
Event: 0.089 Loading class java/lang/Throwable$PrintStreamOrWriter
Event: 0.089 Loading class java/lang/Throwable$PrintStreamOrWriter done
Event: 0.089 Loading class java/lang/Throwable$WrappedPrintStream done
Event: 0.089 Loading class java/lang/StackTraceElement$HashedModules
Event: 0.089 Loading class java/lang/StackTraceElement$HashedModules done

Classes unloaded (0 events):
No events

Classes redefined (0 events):
No events

Internal exceptions (2 events):
Event: 0.072 Thread 0x0000024ac257c5a0 Exception <a 'java/lang/NoSuchMethodError'{0x0000000714a9cb30}: 'int java.lang.invoke.DirectMethodHandle$Holder.invokeSpecial(java.lang.Object, java.lang.Object, java.lang.Object)'> (0x0000000714a9cb30) 
thrown [s\src\hotspot\share\interpreter\linkResolver.cpp, line 759]
Event: 0.089 Thread 0x0000024ac257c5a0 Exception <a 'java/lang/OutOfMemoryError'{0x000000071483afa0}> (0x000000071483afa0) 
thrown [s\src\hotspot\share\prims\jni.cpp, line 535]

VM Operations (2 events):
Event: 0.050 Executing VM operation: HandshakeAllThreads
Event: 0.050 Executing VM operation: HandshakeAllThreads done

Memory protections (0 events):
No events

Nmethod flushes (0 events):
No events

Events (14 events):
Event: 0.021 Thread 0x0000024ac257c5a0 Thread added: 0x0000024ac257c5a0
Event: 0.023 Thread 0x0000024ac257c5a0 Thread added: 0x0000024ae5cdab30
Event: 0.023 Thread 0x0000024ac257c5a0 Thread added: 0x0000024ae5cdb9b0
Event: 0.033 Thread 0x0000024ac257c5a0 Thread added: 0x0000024ae5cf5230
Event: 0.033 Thread 0x0000024ac257c5a0 Thread added: 0x0000024ae5cf8c20
Event: 0.033 Thread 0x0000024ac257c5a0 Thread added: 0x0000024ae5cfb5f0
Event: 0.033 Thread 0x0000024ac257c5a0 Thread added: 0x0000024ae5cfbfb0
Event: 0.033 Thread 0x0000024ac257c5a0 Thread added: 0x0000024ae5cfd160
Event: 0.033 Thread 0x0000024ac257c5a0 Thread added: 0x0000024ae5d0d070
Event: 0.033 Thread 0x0000024ac257c5a0 Thread added: 0x0000024ae5d0de80
Event: 0.042 Thread 0x0000024ae5d0d070 Thread added: 0x0000024b2718da50
Event: 0.042 Thread 0x0000024ae5d0d070 Thread added: 0x0000024b27192440
Event: 0.043 Thread 0x0000024ac257c5a0 Thread added: 0x0000024b271c13d0
Event: 0.044 Thread 0x0000024ac257c5a0 Thread added: 0x0000024b271c4b80


Dynamic libraries:
0x00007ff73d050000 - 0x00007ff73d05e000 	D:\projectapp\jdk\bin\java.exe
0x00007ffd47bf0000 - 0x00007ffd47e08000 	C:\WINDOWS\SYSTEM32\ntdll.dll
0x00007ffd468c0000 - 0x00007ffd46984000 	C:\WINDOWS\System32\KERNEL32.DLL
0x00007ffd45410000 - 0x00007ffd457e3000 	C:\WINDOWS\System32\KERNELBASE.dll
0x00007ffd44df0000 - 0x00007ffd44f01000 	C:\WINDOWS\System32\ucrtbase.dll
0x00007ffd271d0000 - 0x00007ffd271e8000 	D:\projectapp\jdk\bin\jli.dll
0x00007ffd271b0000 - 0x00007ffd271ce000 	D:\projectapp\jdk\bin\VCRUNTIME140.dll
0x00007ffd47460000 - 0x00007ffd47612000 	C:\WINDOWS\System32\USER32.dll
0x00007ffd44dc0000 - 0x00007ffd44de6000 	C:\WINDOWS\System32\win32u.dll
0x00007ffd16380000 - 0x00007ffd1661c000 	C:\WINDOWS\WinSxS\amd64_microsoft.windows.common-controls_6595b64144ccf1df_6.0.22621.6060_none_2712eda17382d24b\COMCTL32.dll
0x00007ffd46a20000 - 0x00007ffd46a49000 	C:\WINDOWS\System32\GDI32.dll
0x00007ffd473a0000 - 0x00007ffd47447000 	C:\WINDOWS\System32\msvcrt.dll
0x00007ffd44f10000 - 0x00007ffd4502b000 	C:\WINDOWS\System32\gdi32full.dll
0x00007ffd457f0000 - 0x00007ffd4588a000 	C:\WINDOWS\System32\msvcp_win.dll
0x00007ffd46800000 - 0x00007ffd46831000 	C:\WINDOWS\System32\IMM32.DLL
0x00007ffd3d360000 - 0x00007ffd3d36c000 	D:\projectapp\jdk\bin\vcruntime140_1.dll
0x00007ffd15960000 - 0x00007ffd159ed000 	D:\projectapp\jdk\bin\msvcp140.dll
0x00007ffcd3140000 - 0x00007ffcd3dab000 	D:\projectapp\jdk\bin\server\jvm.dll
0x00007ffd476f0000 - 0x00007ffd477a1000 	C:\WINDOWS\System32\ADVAPI32.dll
0x00007ffd46a50000 - 0x00007ffd46af8000 	C:\WINDOWS\System32\sechost.dll
0x00007ffd453e0000 - 0x00007ffd45408000 	C:\WINDOWS\System32\bcrypt.dll
0x00007ffd47930000 - 0x00007ffd47a48000 	C:\WINDOWS\System32\RPCRT4.dll
0x00007ffd46840000 - 0x00007ffd468b1000 	C:\WINDOWS\System32\WS2_32.dll
0x00007ffd44a20000 - 0x00007ffd44a6d000 	C:\WINDOWS\SYSTEM32\POWRPROF.dll
0x00007ffd3d270000 - 0x00007ffd3d2a4000 	C:\WINDOWS\SYSTEM32\WINMM.dll
0x00007ffd3ab00000 - 0x00007ffd3ab0a000 	C:\WINDOWS\SYSTEM32\VERSION.dll
0x00007ffd44a00000 - 0x00007ffd44a13000 	C:\WINDOWS\SYSTEM32\UMPDC.dll
0x00007ffd43cb0000 - 0x00007ffd43cc8000 	C:\WINDOWS\SYSTEM32\kernel.appcore.dll
0x00007ffd29d00000 - 0x00007ffd29d0a000 	D:\projectapp\jdk\bin\jimage.dll
0x00007ffd41f80000 - 0x00007ffd421b3000 	C:\WINDOWS\SYSTEM32\DBGHELP.DLL
0x00007ffd45c30000 - 0x00007ffd45fc1000 	C:\WINDOWS\System32\combase.dll
0x00007ffd45b50000 - 0x00007ffd45c28000 	C:\WINDOWS\System32\OLEAUT32.dll
0x00007ffd24250000 - 0x00007ffd24282000 	C:\WINDOWS\SYSTEM32\dbgcore.DLL
0x00007ffd451a0000 - 0x00007ffd4521b000 	C:\WINDOWS\System32\bcryptPrimitives.dll
0x00007ffd27180000 - 0x00007ffd271a5000 	D:\projectapp\jdk\bin\java.dll
0x00007ffcf34c0000 - 0x00007ffcf3597000 	D:\projectapp\jdk\bin\jsvml.dll
0x00007ffd46b00000 - 0x00007ffd4739c000 	C:\WINDOWS\System32\SHELL32.dll
0x00007ffd45220000 - 0x00007ffd4535f000 	C:\WINDOWS\System32\wintypes.dll
0x00007ffd42bb0000 - 0x00007ffd434ca000 	C:\WINDOWS\SYSTEM32\windows.storage.dll
0x00007ffd45890000 - 0x00007ffd45994000 	C:\WINDOWS\System32\SHCORE.dll
0x00007ffd47840000 - 0x00007ffd478a9000 	C:\WINDOWS\System32\shlwapi.dll
0x00007ffd44c30000 - 0x00007ffd44c55000 	C:\WINDOWS\SYSTEM32\profapi.dll
0x00007ffd2a150000 - 0x00007ffd2a16a000 	D:\projectapp\jdk\bin\net.dll
0x00007ffd40b40000 - 0x00007ffd40c6c000 	C:\WINDOWS\SYSTEM32\WINHTTP.dll
0x00007ffd441c0000 - 0x00007ffd44229000 	C:\WINDOWS\system32\mswsock.dll
0x00007ffd27350000 - 0x00007ffd27366000 	D:\projectapp\jdk\bin\nio.dll
0x00007ffd27330000 - 0x00007ffd27348000 	D:\projectapp\jdk\bin\zip.dll

dbghelp: loaded successfully - version: 4.0.5 - missing functions: none
symbol engine: initialized successfully - sym options: 0x614 - pdb path: .;D:\projectapp\jdk\bin;C:\WINDOWS\SYSTEM32;C:\WINDOWS\WinSxS\amd64_microsoft.windows.common-controls_6595b64144ccf1df_6.0.22621.6060_none_2712eda17382d24b;D:\projectapp\jdk\bin\server

VM Arguments:
jvm_args: --enable-native-access=ALL-UNNAMED -Dclassworlds.conf=C:\apache-maven-3.9.12\bin\m2.conf -Dmaven.home=C:\apache-maven-3.9.12 -Dlibrary.jansi.path=C:\apache-maven-3.9.12\lib\jansi-native -Dmaven.multiModuleProjectDirectory=D:\projectapp\research-platform 
java_command: org.codehaus.plexus.classworlds.launcher.Launcher clean compile -pl research-common,research-gateway -am -DskipTests
java_class_path (initial): C:\apache-maven-3.9.12\boot\plexus-classworlds-2.9.0.jar
Launcher Type: SUN_STANDARD

[Global flags]
     intx CICompilerCount                          = 12                                        {product} {ergonomic}
     uint ConcGCThreads                            = 3                                         {product} {ergonomic}
     uint G1ConcRefinementThreads                  = 13                                        {product} {ergonomic}
   size_t G1HeapRegionSize                         = 2097152                                   {product} {ergonomic}
    uintx GCDrainStackTargetSize                   = 64                                        {product} {ergonomic}
   size_t InitialHeapSize                          = 264241152                                 {product} {ergonomic}
   size_t MarkStackSize                            = 4194304                                   {product} {ergonomic}
   size_t MaxHeapSize                              = 4208984064                                {product} {ergonomic}
   size_t MaxNewSize                               = 2524971008                                {product} {ergonomic}
   size_t MinHeapDeltaBytes                        = 2097152                                   {product} {ergonomic}
   size_t MinHeapSize                              = 8388608                                   {product} {ergonomic}
    uintx NonNMethodCodeHeapSize                   = 7602480                                {pd product} {ergonomic}
    uintx NonProfiledCodeHeapSize                  = 122027880                              {pd product} {ergonomic}
    uintx ProfiledCodeHeapSize                     = 122027880                              {pd product} {ergonomic}
    uintx ReservedCodeCacheSize                    = 251658240                              {pd product} {ergonomic}
     bool SegmentedCodeCache                       = true                                      {product} {ergonomic}
   size_t SoftMaxHeapSize                          = 4208984064                             {manageable} {ergonomic}
     bool UseCompressedClassPointers               = true                           {product lp64_product} {ergonomic}
     bool UseCompressedOops                        = true                           {product lp64_product} {ergonomic}
     bool UseG1GC                                  = true                                      {product} {ergonomic}
     bool UseLargePagesIndividualAllocation        = false                                  {pd product} {ergonomic}

Logging:
Log output configuration:
 #0: stdout all=warning uptime,level,tags
 #1: stderr all=off uptime,level,tags

Environment Variables:
JAVA_HOME=D:\projectapp\jdk
PATH=D:\projectapp\jdk\bin;C:\Python314\Scripts\;C:\apache-maven-3.9.12\bin;C:\Python314\;C:\WINDOWS\system32;C:\WINDOWS;C:\WINDOWS\System32\Wbem;D:\projectapp\jdk\\jre\bin;C:\WINDOWS\System32\WindowsPowerShell\v1.0\;D:\projectapp\jdk\\bin;C:\WINDOWS\System32\OpenSSH\;C:\ProgramData\chocolatey\bin;C:\Program Files\Git\cmd;D:\Nodejs\;D:\projectapp\Redis\;D:\projectapp\MongoDB5.0\bin;D:\projectapp\MongoDB\bin;C:\Program Files\Docker\Docker\resources\bin;D:\projectapp\seata\bin;D:\projectapp\jdk\bin;D:\apache-maven-v8.2.3\bin;D:\projectapp\Redis;D:\projectapp\elasticsearch-7.17.9\elasticsearch-7.17.9\bin;%ES_HOME%\bin;C:\Program Files\MySQL\MySQL Server 8.0\bin;C:\Program Files\Git\bin;C:\Nodejs\node_global;C:\Users\HP193\AppData\Local\Microsoft\WindowsApps;E:\VS Code\Microsoft VS Code\bin;D:\Develop\Nodejs\node_global;D:\projectapp\jdk\bin;D:\projectapp\jdk\jre\bin;C:\Users\HP193\AppData\Roaming\npm;D:\IntelliJ IDEA 2025.3.2\bin;D:\cursor\resources\app\bin
USERNAME=wuhui
TERM=dumb
OS=Windows_NT
PROCESSOR_IDENTIFIER=Intel64 Family 6 Model 154 Stepping 3, GenuineIntel
TMP=C:\Users\HP193\AppData\Local\Temp
TEMP=C:\Users\HP193\AppData\Local\Temp



Periodic native trim disabled


---------------  S Y S T E M  ---------------

OS:
 Windows 11 , 64 bit Build 22621 (10.0.22621.5415)
OS uptime: 3 days 4:42 hours
Hyper-V role detected

CPU: total 16 (initial active 16) (8 cores per cpu, 2 threads per core) family 6 model 154 stepping 3 microcode 0x42c, cx8, cmov, fxsr, ht, mmx, 3dnowpref, sse, sse2, sse3, ssse3, sse4.1, sse4.2, popcnt, lzcnt, tsc, tscinvbit, avx, avx2, aes, erms, clmul, bmi1, bmi2, adx, sha, fma, vzeroupper, clflush, clflushopt, clwb, hv
Processor Information for processor 0
  Max Mhz: 1700, Current Mhz: 1700, Mhz Limit: 1700
Processor Information for processor 1
  Max Mhz: 1700, Current Mhz: 1700, Mhz Limit: 1700
Processor Information for processor 2
  Max Mhz: 1700, Current Mhz: 1700, Mhz Limit: 1700
Processor Information for processor 3
  Max Mhz: 1700, Current Mhz: 1700, Mhz Limit: 1700
Processor Information for processor 4
  Max Mhz: 1700, Current Mhz: 1700, Mhz Limit: 1700
Processor Information for processor 5
  Max Mhz: 1700, Current Mhz: 1700, Mhz Limit: 1700
Processor Information for processor 6
  Max Mhz: 1700, Current Mhz: 1700, Mhz Limit: 1700
Processor Information for processor 7
  Max Mhz: 1700, Current Mhz: 1700, Mhz Limit: 1700
Processor Information for processor 8
  Max Mhz: 1700, Current Mhz: 1200, Mhz Limit: 1190
Processor Information for processor 9
  Max Mhz: 1700, Current Mhz: 1200, Mhz Limit: 1190
Processor Information for processor 10
  Max Mhz: 1700, Current Mhz: 1200, Mhz Limit: 1190
Processor Information for processor 11
  Max Mhz: 1700, Current Mhz: 1200, Mhz Limit: 1190
Processor Information for processor 12
  Max Mhz: 1700, Current Mhz: 1200, Mhz Limit: 1190
Processor Information for processor 13
  Max Mhz: 1700, Current Mhz: 1200, Mhz Limit: 1190
Processor Information for processor 14
  Max Mhz: 1700, Current Mhz: 1200, Mhz Limit: 1190
Processor Information for processor 15
  Max Mhz: 1700, Current Mhz: 1200, Mhz Limit: 1190

Memory: 4k page, system-wide physical 16052M (380M free)
TotalPageFile size 38484M (AvailPageFile size 2M)
current process WorkingSet (physical memory assigned to process): 40M, peak: 40M
current process commit charge ("private bytes"): 352M, peak: 352M

vm_info: OpenJDK 64-Bit Server VM (17.0.17+10) for windows-amd64 JRE (17.0.17+10), built on Oct 21 2025 23:25:32 by "admin" with unknown MS VC++:1942

END.
